#
# There is insufficient memory for the Java Runtime Environment to continue.
# Native memory allocation (malloc) failed to allocate 2420 bytes for AllocateHeap
# Possible reasons:
#   The system is out of physical RAM or swap space
# Possible solutions:
#   Reduce memory load on the system
#   Increase physical memory or swap space
#   Check if swap backing store is full
#   Decrease Java heap size (-Xmx/-Xms)
#   Decrease number of Java threads
#   Decrease Java thread stack sizes (-Xss)
#   Set larger code cache with -XX:ReservedCodeCacheSize=
# This output file may be truncated or incomplete.
#
#  Out of Memory Error (memory/allocation.inline.hpp:61), pid=1076, tid=0x000000000000293c
#
# JRE version:  ((uninitialized)) (build )
# Java VM: Java HotSpot(TM) 64-Bit Server VM (25.301-b09 mixed mode, sharing windows-amd64 )
# Failed to write core dump. Minidumps are not enabled by default on client versions of Windows
#

---------------  T H R E A D  ---------------

Current thread is native thread

Stack: [0x000000ccaf700000,0x000000ccaf800000]
Native frames: (J=compiled Java code, j=interpreted, Vv=VM code, C=native code)
V  [jvm.dll+0x32ed79]
V  [jvm.dll+0x275722]
V  [jvm.dll+0x2763cd]
V  [jvm.dll+0x26ce05]
V  [jvm.dll+0x509d]
V  [jvm.dll+0x291b33]
V  [jvm.dll+0x238744]
V  [jvm.dll+0x162876]
C  [java.exe+0x2312]
C  [java.exe+0x15f54]
C  [KERNEL32.DLL+0x17034]
C  [ntdll.dll+0x52651]


---------------  P R O C E S S  ---------------

VM state:not at safepoint (not fully initialized)

VM Mutex/Monitor currently owned by a thread: None


Dynamic libraries:
0x00007ff6188b0000 - 0x00007ff6188f7000 	C:\Program Files\Java\jdk1.8.0_301\bin\java.exe
0x00007ffc71eb0000 - 0x00007ffc720a5000 	C:\WINDOWS\SYSTEM32\ntdll.dll
0x00007ffc710e0000 - 0x00007ffc7119d000 	C:\WINDOWS\System32\KERNEL32.DLL
0x00007ffc6f900000 - 0x00007ffc6fbc9000 	C:\WINDOWS\System32\KERNELBASE.dll
0x00007ffc71b10000 - 0x00007ffc71bbc000 	C:\WINDOWS\System32\ADVAPI32.dll
0x00007ffc70fc0000 - 0x00007ffc7105e000 	C:\WINDOWS\System32\msvcrt.dll
0x00007ffc711a0000 - 0x00007ffc7123b000 	C:\WINDOWS\System32\sechost.dll
0x00007ffc70e90000 - 0x00007ffc70fba000 	C:\WINDOWS\System32\RPCRT4.dll
0x00007ffc6ff70000 - 0x00007ffc70110000 	C:\WINDOWS\System32\USER32.dll
0x00007ffc6fd90000 - 0x00007ffc6fdb2000 	C:\WINDOWS\System32\win32u.dll
0x00007ffc718e0000 - 0x00007ffc7190a000 	C:\WINDOWS\System32\GDI32.dll
0x00007ffc6f5e0000 - 0x00007ffc6f6eb000 	C:\WINDOWS\System32\gdi32full.dll
0x00007ffc6fe70000 - 0x00007ffc6ff0d000 	C:\WINDOWS\System32\msvcp_win.dll
0x00007ffc6fbd0000 - 0x00007ffc6fcd0000 	C:\WINDOWS\System32\ucrtbase.dll
0x00007ffc658a0000 - 0x00007ffc65b3a000 	C:\WINDOWS\WinSxS\amd64_microsoft.windows.common-controls_6595b64144ccf1df_6.0.19041.1110_none_60b5254171f9507e\COMCTL32.dll
0x00007ffc712c0000 - 0x00007ffc712f0000 	C:\WINDOWS\System32\IMM32.DLL
0x00007ffc6b190000 - 0x00007ffc6b1a5000 	C:\Program Files\Java\jdk1.8.0_301\jre\bin\vcruntime140.dll
0x00007ffc67890000 - 0x00007ffc6792b000 	C:\Program Files\Java\jdk1.8.0_301\jre\bin\msvcp140.dll
0x0000000061170000 - 0x00000000619d0000 	C:\Program Files\Java\jdk1.8.0_301\jre\bin\server\jvm.dll
0x00007ffc70850000 - 0x00007ffc70858000 	C:\WINDOWS\System32\PSAPI.DLL
0x00007ffc56620000 - 0x00007ffc56629000 	C:\WINDOWS\SYSTEM32\WSOCK32.dll
0x00007ffc71e00000 - 0x00007ffc71e6b000 	C:\WINDOWS\System32\WS2_32.dll
0x00007ffc668d0000 - 0x00007ffc668f7000 	C:\WINDOWS\SYSTEM32\WINMM.dll
0x00007ffc67600000 - 0x00007ffc6760a000 	C:\WINDOWS\SYSTEM32\VERSION.dll
0x00007ffc5aa80000 - 0x00007ffc5ac64000 	C:\WINDOWS\SYSTEM32\dbghelp.dll
0x00007ffc6fcd0000 - 0x00007ffc6fd53000 	C:\WINDOWS\System32\bcryptPrimitives.dll

VM Arguments:
java_command: <unknown>
java_class_path (initial): <not set>
Launcher Type: SUN_STANDARD

Environment Variables:
JAVA_HOME=C:\Program Files\Java\jdk1.8.0_301
PATH=C:\Program Files (x86)\Common Files\Oracle\Java\javapath;C:\Program Files (x86)\Intel\iCLS Client\;C:\Program Files\Intel\iCLS Client\;C:\WINDOWS\system32;C:\WINDOWS;C:\WINDOWS\System32\Wbem;C:\WINDOWS\System32\WindowsPowerShell\v1.0\;C:\WINDOWS\System32\OpenSSH\;C:\Program Files (x86)\Intel\Intel(R) Management Engine Components\DAL;C:\Program Files\Intel\Intel(R) Management Engine Components\DAL;C:\Program Files (x86)\Intel\Intel(R) Management Engine Components\IPT;C:\Program Files\Intel\Intel(R) Management Engine Components\IPT;C:\Program Files\Java\jdk1.8.0_301\bin;C:\Program Files\Git\cmd;C:\Program Files\nodejs\;C:\ProgramData\chocolatey\bin;C:\Program Files (x86)\apache-maven-3.8.2\bin;C:\Users\CES\AppData\Local\Programs\Python\Python39\Scripts\;C:\Users\CES\AppData\Local\Programs\Python\Python39\;C:\Users\CES\AppData\Local\Microsoft\WindowsApps;;C:\Users\CES\AppData\Local\Programs\Microsoft VS Code\bin;C:\Program Files\JetBrains\IntelliJ IDEA Community Edition 2021.2.1\bin;;C:\Program Files\JetBrains\PyCharm Community Edition 2021.2.1\bin;;C:\Users\CES\AppData\Roaming\npm
USERNAME=CES
OS=Windows_NT
PROCESSOR_IDENTIFIER=Intel64 Family 6 Model 60 Stepping 3, GenuineIntel



---------------  S Y S T E M  ---------------

OS: Windows 10.0 , 64 bit Build 19041 (10.0.19041.1151)

CPU:total 4 (initial active 0) 

Memory: 4k page, physical 16663416k(9058356k free), swap 66995064k(133376k free)

vm_info: Java HotSpot(TM) 64-Bit Server VM (25.301-b09) for windows-amd64 JRE (1.8.0_301-b09), built on Jun  9 2021 06:46:21 by "java_re" with MS VC++ 15.9 (VS2017)

time: Thu Oct 14 08:59:55 2021
timezone: Hora de verano romance
elapsed time: 0.062308 seconds (0d 0h 0m 0s)

